/*C22*/SET SCHEMA PUBLIC
SET SCHEMA PUBLIC
/*C23*/SET SCHEMA PUBLIC
SET SCHEMA PUBLIC
/*C12*/SET SCHEMA PUBLIC
INSERT INTO CONTACTS VALUES(3,'Juan','Palomez','Palomas','666666663','juan@nada.com')
COMMIT
DISCONNECT
/*C13*/SET SCHEMA PUBLIC
DISCONNECT
/*C14*/SET SCHEMA PUBLIC
DISCONNECT
/*C15*/SET SCHEMA PUBLIC
DISCONNECT
/*C16*/SET SCHEMA PUBLIC
DISCONNECT
/*C17*/SET SCHEMA PUBLIC
DISCONNECT
/*C18*/SET SCHEMA PUBLIC
DISCONNECT
/*C19*/SET SCHEMA PUBLIC
DISCONNECT
/*C20*/SET SCHEMA PUBLIC
DISCONNECT
/*C21*/SET SCHEMA PUBLIC
DISCONNECT
/*C24*/SET SCHEMA PUBLIC
INSERT INTO CONTACTS VALUES(4,'Juanillo','Palomares','Palomitass','666666662','juanillo@nada.com')
COMMIT
DELETE FROM CONTACTS WHERE ID=3
INSERT INTO CONTACTS VALUES(3,'Juanillo','PalomaresEditado','Palomitass','666666662','juanillo@nada.com')
COMMIT
/*C22*/DELETE FROM CONTACTS WHERE ID=3
INSERT INTO CONTACTS VALUES(3,'Juanillo','PalomaresEditado','Palomitas','666666662','juanillo@nada.com')
COMMIT
DELETE FROM CONTACTS WHERE ID=4
INSERT INTO CONTACTS VALUES(4,'Juanillo','Palomares','Palomitas','666666662','juanillo@nada.com')
COMMIT
/*C24*/INSERT INTO CONTACTS VALUES(5,'Juanillo','PalomaresEditado','PalomitasEditado','666666662','juanillo@nada.com')
COMMIT
/*C22*/DELETE FROM CONTACTS WHERE ID=4
COMMIT
/*C24*/DELETE FROM CONTACTS WHERE ID=5
COMMIT
DISCONNECT
/*C25*/SET SCHEMA PUBLIC
DISCONNECT
/*C26*/SET SCHEMA PUBLIC
DISCONNECT
/*C27*/SET SCHEMA PUBLIC
DISCONNECT
/*C28*/SET SCHEMA PUBLIC
DISCONNECT
/*C29*/SET SCHEMA PUBLIC
DISCONNECT
/*C30*/SET SCHEMA PUBLIC
DISCONNECT
/*C31*/SET SCHEMA PUBLIC
DISCONNECT
/*C32*/SET SCHEMA PUBLIC
DISCONNECT
/*C33*/SET SCHEMA PUBLIC
DISCONNECT
/*C34*/SET SCHEMA PUBLIC
DELETE FROM CONTACTS WHERE ID=3
COMMIT
INSERT INTO PRODUCTS VALUES(15,'Juan',NULL,NULL,'0',NULL)
COMMIT
/*C22*/DELETE FROM PRODUCTS WHERE ID=15
COMMIT
/*C34*/INSERT INTO PRODUCTS VALUES(16,'Chocolate Milk',3333,1.77,'1','2023-01-01')
COMMIT
INSERT INTO PRODUCTS VALUES(17,'Chocolate Milkaaaa',3333,1.77,'1','2023-01-01')
COMMIT
DISCONNECT
/*C35*/SET SCHEMA PUBLIC
DISCONNECT
/*C36*/SET SCHEMA PUBLIC
DISCONNECT
/*C37*/SET SCHEMA PUBLIC
DISCONNECT
/*C38*/SET SCHEMA PUBLIC
DISCONNECT
/*C39*/SET SCHEMA PUBLIC
DISCONNECT
/*C40*/SET SCHEMA PUBLIC
DISCONNECT
/*C41*/SET SCHEMA PUBLIC
DISCONNECT
/*C42*/SET SCHEMA PUBLIC
DISCONNECT
/*C43*/SET SCHEMA PUBLIC
DISCONNECT
/*C44*/SET SCHEMA PUBLIC
DISCONNECT
/*C45*/SET SCHEMA PUBLIC
DISCONNECT
/*C46*/SET SCHEMA PUBLIC
DISCONNECT
/*C47*/SET SCHEMA PUBLIC
DISCONNECT
/*C48*/SET SCHEMA PUBLIC
DISCONNECT
/*C49*/SET SCHEMA PUBLIC
DISCONNECT
/*C50*/SET SCHEMA PUBLIC
DISCONNECT
/*C51*/SET SCHEMA PUBLIC
DISCONNECT
/*C52*/SET SCHEMA PUBLIC
DISCONNECT
/*C53*/SET SCHEMA PUBLIC
DISCONNECT
/*C54*/SET SCHEMA PUBLIC
INSERT INTO PRODUCTS VALUES(18,'Juanillo',NULL,NULL,'0',NULL)
COMMIT
INSERT INTO PRODUCTS VALUES(19,'Chooooocolate Milk',3333,1.77,'1','2023-01-01')
COMMIT
/*C22*/DELETE FROM PRODUCTS WHERE ID=17
COMMIT
DELETE FROM PRODUCTS WHERE ID=18
COMMIT
DELETE FROM PRODUCTS WHERE ID=19
COMMIT
/*C54*/DISCONNECT
/*C55*/SET SCHEMA PUBLIC
DISCONNECT
/*C56*/SET SCHEMA PUBLIC
DISCONNECT
/*C57*/SET SCHEMA PUBLIC
DISCONNECT
/*C58*/SET SCHEMA PUBLIC
DISCONNECT
/*C59*/SET SCHEMA PUBLIC
DISCONNECT
/*C60*/SET SCHEMA PUBLIC
DISCONNECT
/*C61*/SET SCHEMA PUBLIC
DISCONNECT
/*C62*/SET SCHEMA PUBLIC
DISCONNECT
/*C63*/SET SCHEMA PUBLIC
DISCONNECT
/*C64*/SET SCHEMA PUBLIC
INSERT INTO PRODUCTS VALUES(20,'Chocolate Milkaaaa',3333,1.77,'1','2023-01-01')
COMMIT
DISCONNECT
/*C65*/SET SCHEMA PUBLIC
DISCONNECT
/*C66*/SET SCHEMA PUBLIC
DISCONNECT
/*C67*/SET SCHEMA PUBLIC
DISCONNECT
/*C68*/SET SCHEMA PUBLIC
DISCONNECT
/*C69*/SET SCHEMA PUBLIC
DISCONNECT
/*C70*/SET SCHEMA PUBLIC
DISCONNECT
/*C71*/SET SCHEMA PUBLIC
DISCONNECT
/*C72*/SET SCHEMA PUBLIC
DISCONNECT
/*C73*/SET SCHEMA PUBLIC
DISCONNECT
/*C74*/SET SCHEMA PUBLIC
INSERT INTO PRODUCTS VALUES(21,'Chocolate Milkaaaa',3333,1.77,'1','2023-01-01')
COMMIT
DELETE FROM PRODUCTS WHERE ID=9
INSERT INTO PRODUCTS VALUES(9,'Chocolate Milkaaaa',3333,1.77,'1','2023-01-01')
COMMIT
/*C22*/DELETE FROM PRODUCTS WHERE ID=16
COMMIT
DELETE FROM PRODUCTS WHERE ID=20
COMMIT
DELETE FROM PRODUCTS WHERE ID=21
COMMIT
DELETE FROM PRODUCTS WHERE ID=9
INSERT INTO PRODUCTS VALUES(1,'Chocolate Milkaaaa',3333,1.77,'1','2023-01-01')
COMMIT
DELETE FROM PRODUCTS WHERE ID=10
INSERT INTO PRODUCTS VALUES(2,'Norwegian salmon',45,10.89,'1','2023-01-01')
COMMIT
DELETE FROM PRODUCTS WHERE ID=11
INSERT INTO PRODUCTS VALUES(3,'Pork ribs',70,5.75,'1','2023-02-01')
COMMIT
DELETE FROM PRODUCTS WHERE ID=12
INSERT INTO PRODUCTS VALUES(4,'Gazpacho',0,1.77,'0','2023-01-01')
COMMIT
DELETE FROM PRODUCTS WHERE ID=13
INSERT INTO PRODUCTS VALUES(5,'Cured cheese',15,5.45,'1','2023-02-01')
COMMIT
DELETE FROM PRODUCTS WHERE ID=14
INSERT INTO PRODUCTS VALUES(6,'Oranges',425,1.89,'1','2023-01-01')
COMMIT
/*C74*/INSERT INTO PRODUCTS VALUES(22,'Chocolate Milkaaaa',3333,1.77,'1','2023-01-01')
COMMIT
INSERT INTO PRODUCTS VALUES(23,'Patatas',222,2.56,'1','2023-01-01')
COMMIT
/*C22*/DELETE FROM PRODUCTS WHERE ID=22
COMMIT
/*C74*/DELETE FROM PRODUCTS WHERE ID=23
INSERT INTO PRODUCTS VALUES(23,'Potatoes',222,2.56,'1','2023-01-01')
COMMIT
/*C77*/SET SCHEMA PUBLIC
DISCONNECT
/*C76*/SET SCHEMA PUBLIC
DISCONNECT
/*C79*/SET SCHEMA PUBLIC
DISCONNECT
/*C75*/SET SCHEMA PUBLIC
DISCONNECT
/*C82*/SET SCHEMA PUBLIC
DISCONNECT
/*C80*/SET SCHEMA PUBLIC
DISCONNECT
/*C74*/DISCONNECT
/*C83*/SET SCHEMA PUBLIC
DISCONNECT
/*C81*/SET SCHEMA PUBLIC
DISCONNECT
/*C78*/SET SCHEMA PUBLIC
DISCONNECT
/*C84*/SET SCHEMA PUBLIC
DISCONNECT
/*C87*/SET SCHEMA PUBLIC
DISCONNECT
/*C88*/SET SCHEMA PUBLIC
DISCONNECT
/*C85*/SET SCHEMA PUBLIC
DISCONNECT
/*C92*/SET SCHEMA PUBLIC
DISCONNECT
/*C93*/SET SCHEMA PUBLIC
DISCONNECT
/*C90*/SET SCHEMA PUBLIC
DISCONNECT
/*C86*/SET SCHEMA PUBLIC
DISCONNECT
/*C91*/SET SCHEMA PUBLIC
DISCONNECT
/*C89*/SET SCHEMA PUBLIC
DISCONNECT
/*C94*/SET SCHEMA PUBLIC
INSERT INTO CONTACTS VALUES(6,'To\u00f1o','Casal','Rodal','666666661','toni@nada.com')
COMMIT
INSERT INTO CONTACTS VALUES(7,'Frodo','Bolson','De la Comarca','666666661','frodo@nada.com')
COMMIT
